 
PCIe Lane Margin Tool Release 1.0

 INTEL SOFTWARE LICENSE AGREEMENT (Final, Single User)
 IMPORTANT - READ BEFORE COPYING, INSTALLING OR USING.
Do not use or load this software and any associated materials (collectively, the “Software”) until you have carefully read the following terms and conditions. By loading or using the Software, you agree to the terms of this Agreement. If you do not wish to so agree, do not install or use the Software.

 LICENSE.   You may copy the Software onto a single computer for your use on that computer, and you may make one back-up copy of the Software, subject to these conditions: 
1. You may not copy, modify, rent, sell, distribute or transfer any part of the Software except as provided in this Agreement, and you agree to prevent unauthorized copying of the Software.
2. You may not reverse engineer, decompile, or disassemble the Software.
3. You may not sublicense or permit simultaneous use of the Software by more than one user.
4. The Software may include portions offered on terms in addition to those set out here, as set out in a license accompanying those portions.

 OWNERSHIP OF SOFTWARE AND COPYRIGHTS.   Title to all copies of the Software remains with Intel or its suppliers. The Software is copyrighted and protected by the laws of the United States and other countries, and international treaty provisions. You may not remove any copyright notices from the Software. Intel may make changes to the Software, or to items referenced therein, at any time without notice, but is not obligated to support or update the Software. Except as otherwise expressly provided, Intel grants no express or implied right under Intel patents, copyrights, trademarks, or other intellectual property rights. You may transfer the Software only if the recipient agrees to be fully bound by these terms and if you retain no copies of the Software.

 LIMITED MEDIA WARRANTY.   If the Software has been delivered by Intel on physical media, Intel warrants the media to be free from material physical defects for a period of ninety days after delivery by Intel. If such a defect is found, return the media to Intel for replacement or alternate delivery of the Software as Intel may select.

 EXCLUSION OF OTHER WARRANTIES.   EXCEPT AS PROVIDED ABOVE, THE SOFTWARE IS PROVIDED 'AS IS' WITHOUT ANY EXPRESS OR IMPLIED WARRANTY OF ANY KIND INCLUDING WARRANTIES OF MERCHANTABILITY, NONINFRINGEMENT, OR FITNESS FOR A PARTICULAR PURPOSE.  Intel does not warrant or assume responsibility for the accuracy or completeness of any information, text, graphics, links or other items contained within the Software.

 LIMITATION OF LIABILITY.   IN NO EVENT SHALL INTEL OR ITS SUPPLIERS BE LIABLE FOR ANY DAMAGES WHATSOEVER (INCLUDING, WITHOUT LIMITATION, LOST PROFITS, BUSINESS INTERRUPTION, OR LOST INFORMATION) ARISING OUT OF THE USE OF OR INABILITY TO USE THE SOFTWARE, EVEN IF INTEL HAS BEEN ADVISED OF THE POSSIBILITY OF SUCH DAMAGES. SOME JURISDICTIONS PROHIBIT EXCLUSION OR LIMITATION OF LIABILITY FOR IMPLIED WARRANTIES OR CONSEQUENTIAL OR INCIDENTAL DAMAGES, SO THE ABOVE LIMITATION MAY NOT APPLY TO YOU. YOU MAY ALSO HAVE OTHER LEGAL RIGHTS THAT VARY FROM JURISDICTION TO JURISDICTION. 

 TERMINATION OF THIS AGREEMENT.   Intel may terminate this Agreement at any time if you violate its terms. Upon termination, you will immediately destroy the Software or return all copies of the Software to Intel.

 APPLICABLE LAWS.   Claims arising under this Agreement shall be governed by the laws of California, excluding its principles of conflict of laws and the United Nations Convention on Contracts for the Sale of Goods. You may not export the Software in violation of applicable export laws and regulations. Intel is not obligated under any other agreements unless they are in writing and signed by an authorized representative of Intel.

 GOVERNMENT RESTRICTED RIGHTS.   The Software is provided with 'RESTRICTED RIGHTS'. Use, duplication, or disclosure by the Government is subject to restrictions as set forth in FAR52.227-14 and DFAR252.227-7013 et seq. or its successor. Use of the Software by the Government constitutes acknowledgement of Intel's proprietary rights therein. Contractor or Manufacturer is Intel.

 
 ***************************************** IMPORTANT LICENSE NOTE *****************************************

         By setting 'Accept_License' = True, you (the user) agree to have read, understood and accepted       
       the license agreement 'Intel_SoftwareLicense (single user)' for this application/tool.
 
 **********************************************************************************************************

 PCIe Lane Margin Tool Release 1.0
  Setting up the link with all the PCIe Gen5 pre-requisites 
Port ready to start margining
Link successfully trained to L0
Link successfully trained at 32.0 = Gen 5
Lane(s) selected within link width
ASPM_DSP_bkp = 0 
ASPM_DSP = 0 
ASPM_USP_bkp = 0 
ASPM_USP = 0 
ASPM disable at DSP and USP
HWAutoSpDis_DSP_bkp = 1 
HWAutoSpDis_DSP = 1 
HWAutoSpDis_USP_bkp = 1 
HWAutoSpDis_USP = 1 
HWAutoSpDis disable at DSP and USP
HWAutoWdDis_DSP_bkp = 1 
HWAutoWdDis_DSP = 1 
HWAutoWdDis_USP_bkp = 1 
HWAutoWdDis_USP = 1 
HWAutoWdDis disable at DSP and USP

All pre-requisites ready to start margining at Gen5 

  Margin Input Parameters 
Lanes:[0, 1, 2, 3, 4, 5, 6, 7]
RecNum:6
BDF_DSP:0b.01.0
BDF_USP:0c.00.0
Dwell_Time:1
ErrCnt:2
Num_Time_Steps:7
Num_Voltage_Steps:27
Segment: 0
Speed: 5
  Reading Margining Capabilities 
Independent Error Sampler                        : 1
Sample Reporting Method                          : 1
Independent Left and Right Timing Margining      : 1
Voltage Margining Supported                      : 1
Independent Up and Down Voltage Margining        : 1
Number of Voltage Steps                          : 121
Number of Timing Steps                           : 14
Max Timing Offset                                : 40
Max Voltage Offset                               : 20
Sampling Rate Voltage                            : 31
Sampling Rate Timing                             : 31
Sampling Count                                   : 0
Max Lanes                                        : 15

Capabilities are according to the Specification
  Start Margining 
 Receiver = Rx(6)
 Lane = 0
Error Count Limit = 2
#######################################################################################
 
Starting Time Margining at Right

Link successfully trained to L0
Link successfully trained at 32.0 = Gen 5
Time Margin Right Step =  0  :  Errors =  0  :  UI =  0.000 % :  UI_Time =  0.000 ps  
Time Margin Right Step =  1  :  Errors =  0  :  UI =  2.857 % :  UI_Time =  0.893 ps  
Time Margin Right Step =  2  :  Errors =  0  :  UI =  5.714 % :  UI_Time =  1.786 ps  
Time Margin Right Step =  3  :  Errors =  0  :  UI =  8.571 % :  UI_Time =  2.679 ps  
Time Margin Right Step =  4  :  Errors =  0  :  UI = 11.429 % :  UI_Time =  3.571 ps  
Time Margin Right Step =  5  :  Errors =  0  :  UI = 14.286 % :  UI_Time =  4.464 ps  
Time Margin Right Step =  6  :  Errors =  0  :  UI = 17.143 % :  UI_Time =  5.357 ps  
Time Margin Right Step =  7  :  Errors =  1  :  UI = 20.000 % :  UI_Time =  6.250 ps  
Reaching the Max Number of Timing Steps = 7
Time Margining Right: (7, 'Max Step Number', 20.0, 6.25)
 
Starting Time Margining at Left

Link successfully trained to L0
Link successfully trained at 32.0 = Gen 5
Time Margin Left Step =  0  :  Errors =  0  :  UI =  0.000 % :  UI_Time =  0.000 ps  
Time Margin Left Step =  1  :  Errors =  0  :  UI =  2.857 % :  UI_Time =  0.893 ps  
Time Margin Left Step =  2  :  Errors =  0  :  UI =  5.714 % :  UI_Time =  1.786 ps  
Time Margin Left Step =  3  :  Errors =  0  :  UI =  8.571 % :  UI_Time =  2.679 ps  
Time Margin Left Step =  4  :  Errors =  0  :  UI = 11.429 % :  UI_Time =  3.571 ps  
Time Margin Left Step =  5  :  Errors =  0  :  UI = 14.286 % :  UI_Time =  4.464 ps  
Time Margin Left Step =  6  :  Errors =  0  :  UI = 17.143 % :  UI_Time =  5.357 ps  
Time Margin Left Step =  7  :  Errors =  0  :  UI = 20.000 % :  UI_Time =  6.250 ps  
Reaching the Max Number of Timing Steps = 7
Time Margining Left: (-7, 'Max Step Number', -20.0, -6.25)

 
Starting Voltage Margining at Up

Link successfully trained to L0
Link successfully trained at 32.0 = Gen 5
Voltage Margin Up Step =  0  :  Errors =  0  : UI =  0.000 % :  UI_mV =  0.000 mV  
Voltage Margin Up Step =  1  :  Errors =  0  : UI =  0.165 % :  UI_mV =  1.653 mV  
Voltage Margin Up Step =  2  :  Errors =  0  : UI =  0.331 % :  UI_mV =  3.306 mV  
Voltage Margin Up Step =  3  :  Errors =  0  : UI =  0.496 % :  UI_mV =  4.959 mV  
Voltage Margin Up Step =  4  :  Errors =  0  : UI =  0.661 % :  UI_mV =  6.612 mV  
Voltage Margin Up Step =  5  :  Errors =  0  : UI =  0.826 % :  UI_mV =  8.264 mV  
Voltage Margin Up Step =  6  :  Errors =  0  : UI =  0.992 % :  UI_mV =  9.917 mV  
Voltage Margin Up Step =  7  :  Errors =  0  : UI =  1.157 % :  UI_mV = 11.570 mV  
Voltage Margin Up Step =  8  :  Errors =  0  : UI =  1.322 % :  UI_mV = 13.223 mV  
Voltage Margin Up Step =  9  :  Errors =  0  : UI =  1.488 % :  UI_mV = 14.876 mV  
Voltage Margin Up Step = 10  :  Errors =  0  : UI =  1.653 % :  UI_mV = 16.529 mV  
Voltage Margin Up Step = 11  :  Errors =  0  : UI =  1.818 % :  UI_mV = 18.182 mV  
Voltage Margin Up Step = 12  :  Errors =  0  : UI =  1.983 % :  UI_mV = 19.835 mV  
Voltage Margin Up Step = 13  :  Errors =  0  : UI =  2.149 % :  UI_mV = 21.488 mV  
Voltage Margin Up Step = 14  :  Errors =  0  : UI =  2.314 % :  UI_mV = 23.140 mV  
Voltage Margin Up Step = 15  :  Errors =  0  : UI =  2.479 % :  UI_mV = 24.793 mV  
Voltage Margin Up Step = 16  :  Errors =  0  : UI =  2.645 % :  UI_mV = 26.446 mV  
Voltage Margin Up Step = 17  :  Errors =  0  : UI =  2.810 % :  UI_mV = 28.099 mV  
Voltage Margin Up Step = 18  :  Errors =  0  : UI =  2.975 % :  UI_mV = 29.752 mV  
Voltage Margin Up Step = 19  :  Errors =  0  : UI =  3.140 % :  UI_mV = 31.405 mV  
Voltage Margin Up Step = 20  :  Errors =  0  : UI =  3.306 % :  UI_mV = 33.058 mV  
Voltage Margin Up Step = 21  :  Errors =  0  : UI =  3.471 % :  UI_mV = 34.711 mV  
Voltage Margin Up Step = 22  :  Errors =  0  : UI =  3.636 % :  UI_mV = 36.364 mV  
Voltage Margin Up Step = 23  :  Errors =  0  : UI =  3.802 % :  UI_mV = 38.017 mV  
Voltage Margin Up Step = 24  :  Errors =  0  : UI =  3.967 % :  UI_mV = 39.669 mV  
Voltage Margin Up Step = 25  :  Errors =  0  : UI =  4.132 % :  UI_mV = 41.322 mV  
Voltage Margin Up Step = 26  :  Errors =  0  : UI =  4.298 % :  UI_mV = 42.975 mV  
Voltage Margin Up Step = 27  :  Errors =  0  : UI =  4.463 % :  UI_mV = 44.628 mV  
Reaching the Max Number of Voltage Steps = 27
Voltage Margining Up: (27, 'Max Step Number', 4.462809917355372, 44.62809917355372)
 
Starting Voltage Margining at Down

Link successfully trained to L0
Link successfully trained at 32.0 = Gen 5
Voltage Margin Down Step =  0  :  Errors =  0  :  UI =  0.000 % :  UI_mV =  0.000 mV
Voltage Margin Down Step =  1  :  Errors =  0  :  UI =  0.165 % :  UI_mV =  1.653 mV
Voltage Margin Down Step =  2  :  Errors =  0  :  UI =  0.331 % :  UI_mV =  3.306 mV
Voltage Margin Down Step =  3  :  Errors =  0  :  UI =  0.496 % :  UI_mV =  4.959 mV
Voltage Margin Down Step =  4  :  Errors =  0  :  UI =  0.661 % :  UI_mV =  6.612 mV
Voltage Margin Down Step =  5  :  Errors =  0  :  UI =  0.826 % :  UI_mV =  8.264 mV
Voltage Margin Down Step =  6  :  Errors =  0  :  UI =  0.992 % :  UI_mV =  9.917 mV
Voltage Margin Down Step =  7  :  Errors =  0  :  UI =  1.157 % :  UI_mV = 11.570 mV
Voltage Margin Down Step =  8  :  Errors =  0  :  UI =  1.322 % :  UI_mV = 13.223 mV
Voltage Margin Down Step =  9  :  Errors =  0  :  UI =  1.488 % :  UI_mV = 14.876 mV
Voltage Margin Down Step = 10  :  Errors =  0  :  UI =  1.653 % :  UI_mV = 16.529 mV
Voltage Margin Down Step = 11  :  Errors =  0  :  UI =  1.818 % :  UI_mV = 18.182 mV
Voltage Margin Down Step = 12  :  Errors =  0  :  UI =  1.983 % :  UI_mV = 19.835 mV
Voltage Margin Down Step = 13  :  Errors =  0  :  UI =  2.149 % :  UI_mV = 21.488 mV
Voltage Margin Down Step = 14  :  Errors =  0  :  UI =  2.314 % :  UI_mV = 23.140 mV
Voltage Margin Down Step = 15  :  Errors =  0  :  UI =  2.479 % :  UI_mV = 24.793 mV
Voltage Margin Down Step = 16  :  Errors =  0  :  UI =  2.645 % :  UI_mV = 26.446 mV
Voltage Margin Down Step = 17  :  Errors =  0  :  UI =  2.810 % :  UI_mV = 28.099 mV
Voltage Margin Down Step = 18  :  Errors =  0  :  UI =  2.975 % :  UI_mV = 29.752 mV
Voltage Margin Down Step = 19  :  Errors =  0  :  UI =  3.140 % :  UI_mV = 31.405 mV
Voltage Margin Down Step = 20  :  Errors =  0  :  UI =  3.306 % :  UI_mV = 33.058 mV
Voltage Margin Down Step = 21  :  Errors =  0  :  UI =  3.471 % :  UI_mV = 34.711 mV
Voltage Margin Down Step = 22  :  Errors =  0  :  UI =  3.636 % :  UI_mV = 36.364 mV
Voltage Margin Down Step = 23  :  Errors =  0  :  UI =  3.802 % :  UI_mV = 38.017 mV
Voltage Margin Down Step = 24  :  Errors =  0  :  UI =  3.967 % :  UI_mV = 39.669 mV
Voltage Margin Down Step = 25  :  Errors =  0  :  UI =  4.132 % :  UI_mV = 41.322 mV
Voltage Margin Down Step = 26  :  Errors =  3  :  UI =  4.298 % :  UI_mV = 42.975 mV
Margin Failed due to Too Many Errors. Exiting Margining
Voltage Margining Down: (-25, 'Too Many Errors', -4.132231404958678, -41.32231404958678)

  Start Margining 
 Receiver = Rx(6)
 Lane = 1
Error Count Limit = 2
#######################################################################################
 
Starting Time Margining at Right

Link successfully trained to L0
Link successfully trained at 32.0 = Gen 5
Time Margin Right Step =  0  :  Errors =  0  :  UI =  0.000 % :  UI_Time =  0.000 ps  
Time Margin Right Step =  1  :  Errors =  0  :  UI =  2.857 % :  UI_Time =  0.893 ps  
Time Margin Right Step =  2  :  Errors =  0  :  UI =  5.714 % :  UI_Time =  1.786 ps  
Time Margin Right Step =  3  :  Errors =  0  :  UI =  8.571 % :  UI_Time =  2.679 ps  
Time Margin Right Step =  4  :  Errors =  0  :  UI = 11.429 % :  UI_Time =  3.571 ps  
Time Margin Right Step =  5  :  Errors =  0  :  UI = 14.286 % :  UI_Time =  4.464 ps  
Time Margin Right Step =  6  :  Errors =  0  :  UI = 17.143 % :  UI_Time =  5.357 ps  
Time Margin Right Step =  7  :  Errors =  0  :  UI = 20.000 % :  UI_Time =  6.250 ps  
Reaching the Max Number of Timing Steps = 7
Time Margining Right: (7, 'Max Step Number', 20.0, 6.25)
 
Starting Time Margining at Left

Link successfully trained to L0
Link successfully trained at 32.0 = Gen 5
Time Margin Left Step =  0  :  Errors =  0  :  UI =  0.000 % :  UI_Time =  0.000 ps  
Time Margin Left Step =  1  :  Errors =  0  :  UI =  2.857 % :  UI_Time =  0.893 ps  
Time Margin Left Step =  2  :  Errors =  0  :  UI =  5.714 % :  UI_Time =  1.786 ps  
Time Margin Left Step =  3  :  Errors =  0  :  UI =  8.571 % :  UI_Time =  2.679 ps  
Time Margin Left Step =  4  :  Errors =  0  :  UI = 11.429 % :  UI_Time =  3.571 ps  
Time Margin Left Step =  5  :  Errors =  0  :  UI = 14.286 % :  UI_Time =  4.464 ps  
Time Margin Left Step =  6  :  Errors =  0  :  UI = 17.143 % :  UI_Time =  5.357 ps  
Time Margin Left Step =  7  :  Errors =  0  :  UI = 20.000 % :  UI_Time =  6.250 ps  
Reaching the Max Number of Timing Steps = 7
Time Margining Left: (-7, 'Max Step Number', -20.0, -6.25)

 
Starting Voltage Margining at Up

Link successfully trained to L0
Link successfully trained at 32.0 = Gen 5
Voltage Margin Up Step =  0  :  Errors =  0  : UI =  0.000 % :  UI_mV =  0.000 mV  
Voltage Margin Up Step =  1  :  Errors =  0  : UI =  0.165 % :  UI_mV =  1.653 mV  
Voltage Margin Up Step =  2  :  Errors =  0  : UI =  0.331 % :  UI_mV =  3.306 mV  
Voltage Margin Up Step =  3  :  Errors =  0  : UI =  0.496 % :  UI_mV =  4.959 mV  
Voltage Margin Up Step =  4  :  Errors =  0  : UI =  0.661 % :  UI_mV =  6.612 mV  
Voltage Margin Up Step =  5  :  Errors =  0  : UI =  0.826 % :  UI_mV =  8.264 mV  
Voltage Margin Up Step =  6  :  Errors =  0  : UI =  0.992 % :  UI_mV =  9.917 mV  
Voltage Margin Up Step =  7  :  Errors =  0  : UI =  1.157 % :  UI_mV = 11.570 mV  
Voltage Margin Up Step =  8  :  Errors =  0  : UI =  1.322 % :  UI_mV = 13.223 mV  
Voltage Margin Up Step =  9  :  Errors =  0  : UI =  1.488 % :  UI_mV = 14.876 mV  
Voltage Margin Up Step = 10  :  Errors =  0  : UI =  1.653 % :  UI_mV = 16.529 mV  
Voltage Margin Up Step = 11  :  Errors =  0  : UI =  1.818 % :  UI_mV = 18.182 mV  
Voltage Margin Up Step = 12  :  Errors =  0  : UI =  1.983 % :  UI_mV = 19.835 mV  
Voltage Margin Up Step = 13  :  Errors =  0  : UI =  2.149 % :  UI_mV = 21.488 mV  
Voltage Margin Up Step = 14  :  Errors =  0  : UI =  2.314 % :  UI_mV = 23.140 mV  
Voltage Margin Up Step = 15  :  Errors =  0  : UI =  2.479 % :  UI_mV = 24.793 mV  
Voltage Margin Up Step = 16  :  Errors =  0  : UI =  2.645 % :  UI_mV = 26.446 mV  
Voltage Margin Up Step = 17  :  Errors =  0  : UI =  2.810 % :  UI_mV = 28.099 mV  
Voltage Margin Up Step = 18  :  Errors =  0  : UI =  2.975 % :  UI_mV = 29.752 mV  
Voltage Margin Up Step = 19  :  Errors =  0  : UI =  3.140 % :  UI_mV = 31.405 mV  
Voltage Margin Up Step = 20  :  Errors =  0  : UI =  3.306 % :  UI_mV = 33.058 mV  
Voltage Margin Up Step = 21  :  Errors =  0  : UI =  3.471 % :  UI_mV = 34.711 mV  
Voltage Margin Up Step = 22  :  Errors =  0  : UI =  3.636 % :  UI_mV = 36.364 mV  
Voltage Margin Up Step = 23  :  Errors =  0  : UI =  3.802 % :  UI_mV = 38.017 mV  
Voltage Margin Up Step = 24  :  Errors =  0  : UI =  3.967 % :  UI_mV = 39.669 mV  
Voltage Margin Up Step = 25  :  Errors =  0  : UI =  4.132 % :  UI_mV = 41.322 mV  
Voltage Margin Up Step = 26  :  Errors =  0  : UI =  4.298 % :  UI_mV = 42.975 mV  
Voltage Margin Up Step = 27  :  Errors =  0  : UI =  4.463 % :  UI_mV = 44.628 mV  
Reaching the Max Number of Voltage Steps = 27
Voltage Margining Up: (27, 'Max Step Number', 4.462809917355372, 44.62809917355372)
 
Starting Voltage Margining at Down

Link successfully trained to L0
Link successfully trained at 32.0 = Gen 5
Voltage Margin Down Step =  0  :  Errors =  0  :  UI =  0.000 % :  UI_mV =  0.000 mV
Voltage Margin Down Step =  1  :  Errors =  0  :  UI =  0.165 % :  UI_mV =  1.653 mV
Voltage Margin Down Step =  2  :  Errors =  0  :  UI =  0.331 % :  UI_mV =  3.306 mV
Voltage Margin Down Step =  3  :  Errors =  0  :  UI =  0.496 % :  UI_mV =  4.959 mV
Voltage Margin Down Step =  4  :  Errors =  0  :  UI =  0.661 % :  UI_mV =  6.612 mV
Voltage Margin Down Step =  5  :  Errors =  0  :  UI =  0.826 % :  UI_mV =  8.264 mV
Voltage Margin Down Step =  6  :  Errors =  0  :  UI =  0.992 % :  UI_mV =  9.917 mV
Voltage Margin Down Step =  7  :  Errors =  0  :  UI =  1.157 % :  UI_mV = 11.570 mV
Voltage Margin Down Step =  8  :  Errors =  0  :  UI =  1.322 % :  UI_mV = 13.223 mVError on attempt 1: LMT margining failed for dGPU1: [Errno 5] Input/output error